#
# A fatal error has been detected by the Java Runtime Environment:
#
#  EXCEPTION_ACCESS_VIOLATION (0xc0000005) at pc=0x6932757e, pid=20356, tid=0x000040ac
#
# JRE version: Java(TM) SE Runtime Environment (8.0_191-b12) (build 1.8.0_191-b12)
# Java VM: Java HotSpot(TM) Client VM (25.191-b12 mixed mode windows-x86 )
# Problematic frame:
# V  [jvm.dll+0xe757e]
#
# Failed to write core dump. Minidumps are not enabled by default on client versions of Windows
#
# If you would like to submit a bug report, please visit:
#   http://bugreport.java.com/bugreport/crash.jsp
#

---------------  T H R E A D  ---------------

Current thread (0x29b08400):  JavaThread "EventThread COM11" [_thread_in_vm, id=16556, stack(0x01010000,0x01060000)]

siginfo: ExceptionCode=0xc0000005, reading address 0x00000000

Registers:
EAX=0x00000000, EBX=0x261328b0, ECX=0x29b08400, EDX=0x0000009f
ESP=0x0105bf1c, EBP=0x0105bf38, ESI=0x00000000, EDI=0x29b08400
EIP=0x6932757e, EFLAGS=0x00010246

Top of Stack: (sp=0x0105bf1c)
0x0105bf1c:   0105bf54 29b08540 261328b0 29b08400
0x0105bf2c:   27debd1c 0000009f 69525568 0105f3b8
0x0105bf3c:   6400183d 29b08540 00000000 00000000
0x0105bf4c:   00003420 0105bf54 3a3a6573 74696e69
0x0105bf5c:   7473203e 303d7461 4d0a3078 4365646f
0x0105bf6c:   6b636f6c 6e693a3a 203e7469 74617473
0x0105bf7c:   3078303d 646f4d0a 73614265 693a3a65
0x0105bf8c:   3e74696e 696e6920 61765f74 205b3d6c 

Instructions: (pc=0x6932757e)
0x6932755e:   c4 08 83 7f 04 00 89 7d f0 c7 45 f4 00 00 00 00
0x6932756e:   74 08 8d 4d f0 e8 e8 34 0c 00 8b 75 10 8b 45 0c
0x6932757e:   8b 10 85 f6 78 32 8b 45 14 85 c0 78 2b 8d 0c 06
0x6932758e:   3b 4a 08 77 23 85 c0 7e 3b 8b 4a 04 8b 49 04 83 


Register to memory mapping:

EAX=0x00000000 is an unknown value
EBX=0x261328b0 is an unknown value
ECX=0x29b08400 is a thread
EDX=0x0000009f is an unknown value
ESP=0x0105bf1c is pointing into the stack for thread: 0x29b08400
EBP=0x0105bf38 is pointing into the stack for thread: 0x29b08400
ESI=0x00000000 is an unknown value
EDI=0x29b08400 is a thread


Stack: [0x01010000,0x01060000],  sp=0x0105bf1c,  free space=303k
Native frames: (J=compiled Java code, j=interpreted, Vv=VM code, C=native code)
V  [jvm.dll+0xe757e]
C  [jSSC-2.8_x86.dll+0x183d]
J 5958  jssc.SerialNativeInterface.readBytes(JI)[B (0 bytes) @ 0x03673e25 [0x03673d90+0x95]
J 20734 C1 jssc.SerialPort$EventThread.run()V (84 bytes) @ 0x03397cb0 [0x03397a40+0x270]
v  ~StubRoutines::call_stub
V  [jvm.dll+0x15c315]
V  [jvm.dll+0x223ece]
V  [jvm.dll+0x15c3ae]
V  [jvm.dll+0x15c536]
V  [jvm.dll+0x15c5a7]
V  [jvm.dll+0x1002ef]
V  [jvm.dll+0x17f550]
V  [jvm.dll+0x17fdca]
V  [jvm.dll+0x1c57a6]
C  [msvcr100.dll+0x5c556]
C  [msvcr100.dll+0x5c600]
C  [KERNEL32.DLL+0x1fa29]
C  [ntdll.dll+0x67a9e]
C  [ntdll.dll+0x67a6e]
C  0x00000000

Java frames: (J=compiled Java code, j=interpreted, Vv=VM code)
J 5958  jssc.SerialNativeInterface.readBytes(JI)[B (0 bytes) @ 0x03673de1 [0x03673d90+0x51]
J 20734 C1 jssc.SerialPort$EventThread.run()V (84 bytes) @ 0x03397cb0 [0x03397a40+0x270]
v  ~StubRoutines::call_stub

---------------  P R O C E S S  ---------------

Java Threads: ( => current thread )
=>0x29b08400 JavaThread "EventThread COM11" [_thread_in_vm, id=16556, stack(0x01010000,0x01060000)]
  0x29b06000 JavaThread "DestroyJavaVM" [_thread_blocked, id=4396, stack(0x02f70000,0x02fc0000)]
  0x29b08c00 JavaThread "TimerQueue" daemon [_thread_blocked, id=15664, stack(0x2b330000,0x2b380000)]
  0x29b0a400 JavaThread "AWT-EventQueue-0" [_thread_blocked, id=21252, stack(0x2ae00000,0x2ae50000)]
  0x29b07c00 JavaThread "AWT-Shutdown" [_thread_blocked, id=9240, stack(0x2ad70000,0x2adc0000)]
  0x2828a800 JavaThread "Batik CleanerThread" daemon [_thread_blocked, id=12840, stack(0x2aa50000,0x2aaa0000)]
  0x2828a400 JavaThread "JmDNS(ytani12-mshome-net.local.).State.Timer" [_thread_blocked, id=15424, stack(0x29670000,0x296c0000)]
  0x28289c00 JavaThread "JmDNS(ytani12-mshome-net.local.).Timer" daemon [_thread_blocked, id=284, stack(0x295e0000,0x29630000)]
  0x2828b000 JavaThread "SocketListener(ytani12-mshome-net.local.)" daemon [_thread_blocked, id=22924, stack(0x29550000,0x295a0000)]
  0x2826cc00 JavaThread "JmDNS(ytani12-ytani-net.local.).State.Timer" [_thread_blocked, id=2472, stack(0x293a0000,0x293f0000)]
  0x2825ac00 JavaThread "JmDNS(ytani12-ytani-net.local.).Timer" daemon [_thread_blocked, id=15380, stack(0x29310000,0x29360000)]
  0x2825a800 JavaThread "SocketListener(ytani12-ytani-net.local.)" daemon [_thread_blocked, id=10060, stack(0x29280000,0x292d0000)]
  0x26a63000 JavaThread "Multihomed mDNS.Timer" daemon [_thread_blocked, id=8276, stack(0x28dd0000,0x28e20000)]
  0x26a62800 JavaThread "cc.arduino.packages.discoverers.serial.SerialDiscovery" [_thread_blocked, id=15396, stack(0x28ef0000,0x28f40000)]
  0x26c69400 JavaThread "AWT-Windows" daemon [_thread_in_native, id=5276, stack(0x270c0000,0x27110000)]
  0x26c68400 JavaThread "Java2D Disposer" daemon [_thread_blocked, id=1312, stack(0x26fa0000,0x26ff0000)]
  0x2624b000 JavaThread "Service Thread" daemon [_thread_blocked, id=20508, stack(0x268a0000,0x268f0000)]
  0x26243000 JavaThread "C1 CompilerThread0" daemon [_thread_blocked, id=10064, stack(0x26810000,0x26860000)]
  0x26241000 JavaThread "Attach Listener" daemon [_thread_blocked, id=14532, stack(0x26780000,0x267d0000)]
  0x2626e400 JavaThread "Signal Dispatcher" daemon [_thread_blocked, id=18128, stack(0x266f0000,0x26740000)]
  0x2622cc00 JavaThread "Finalizer" daemon [_thread_blocked, id=2888, stack(0x265b0000,0x26600000)]
  0x26227000 JavaThread "Reference Handler" daemon [_thread_blocked, id=14692, stack(0x264f0000,0x26540000)]

Other Threads:
  0x26211800 VMThread [stack: 0x26450000,0x264a0000] [id=11260]
  0x26272000 WatcherThread [stack: 0x26930000,0x26980000] [id=10664]

VM state:synchronizing (normal execution)

VM Mutex/Monitor currently owned by a thread:  ([mutex/lock_event])
[0x02a2dc50] Threads_lock - owner thread: 0x26211800
[0x02a2e200] Heap_lock - owner thread: 0x29b0a400

Heap:
 def new generation   total 157248K, used 157247K [0x05400000, 0x0fea0000, 0x0fea0000)
  eden space 139776K, 100% used [0x05400000, 0x0dc80000, 0x0dc80000)
  from space 17472K,  99% used [0x0dc80000, 0x0ed8fff8, 0x0ed90000)
  to   space 17472K,   0% used [0x0ed90000, 0x0ed90000, 0x0fea0000)
 tenured generation   total 349568K, used 349567K [0x0fea0000, 0x25400000, 0x25400000)
   the space 349568K,  99% used [0x0fea0000, 0x253fffe0, 0x25400000, 0x25400000)
 Metaspace       used 25962K, capacity 26531K, committed 26624K, reserved 27008K

Card table byte_map: [0x052b0000,0x053c0000] byte_map_base: 0x05286000

Polling page: 0x02a10000

CodeCache: size=32768Kb used=3278Kb max_used=5444Kb free=29489Kb
 bounds [0x03170000, 0x036c8000, 0x05170000]
 total_blobs=2099 nmethods=1797 adapters=231
 compilation: enabled

Compilation events (10 events):
Event: 27378.752 Thread 0x26243000 49506             sun.awt.SunToolkit::isDispatchThreadForAppContext (28 bytes)
Event: 27378.752 Thread 0x26243000 nmethod 49506 0x03335e48 code [0x03335fa0, 0x033362dc]
Event: 27378.753 Thread 0x26243000 49507             java.awt.EventQueue$2::isDispatchThreadImpl (5 bytes)
Event: 27378.753 Thread 0x26243000 nmethod 49507 0x0323f888 code [0x0323f990, 0x0323fa2c]
Event: 27378.753 Thread 0x26243000 49508             javax.swing.RepaintManager::currentManager (5 bytes)
Event: 27378.753 Thread 0x26243000 nmethod 49508 0x0326efc8 code [0x0326f0d0, 0x0326f168]
Event: 27378.753 Thread 0x26243000 49509             javax.swing.RepaintManager::currentManager (7 bytes)
Event: 27378.753 Thread 0x26243000 nmethod 49509 0x0327bc48 code [0x0327bd50, 0x0327bde8]
Event: 27378.761 Thread 0x26243000 49510             javax.swing.JComponent::revalidate (53 bytes)
Event: 27378.761 Thread 0x26243000 nmethod 49510 0x036c0148 code [0x036c0320, 0x036c08fc]

GC Heap History (10 events):
Event: 27385.860 GC heap before
{Heap before GC invocations=218 (full 64):
 def new generation   total 157248K, used 157246K [0x05400000, 0x0fea0000, 0x0fea0000)
  eden space 139776K, 100% used [0x05400000, 0x0dc80000, 0x0dc80000)
  from space 17472K,  99% used [0x0dc80000, 0x0ed8fa30, 0x0ed90000)
  to   space 17472K,   0% used [0x0ed90000, 0x0ed90000, 0x0fea0000)
 tenured generation   total 349568K, used 349567K [0x0fea0000, 0x25400000, 0x25400000)
   the space 349568K,  99% used [0x0fea0000, 0x253ffff0, 0x25400000, 0x25400000)
 Metaspace       used 25962K, capacity 26531K, committed 26624K, reserved 27008K
Event: 27386.263 GC heap after
Heap after GC invocations=219 (full 65):
 def new generation   total 157248K, used 157237K [0x05400000, 0x0fea0000, 0x0fea0000)
  eden space 139776K,  99% used [0x05400000, 0x0dc7ffd0, 0x0dc80000)
  from space 17472K,  99% used [0x0dc80000, 0x0ed8d720, 0x0ed90000)
  to   space 17472K,   0% used [0x0ed90000, 0x0ed90000, 0x0fea0000)
 tenured generation   total 349568K, used 349567K [0x0fea0000, 0x25400000, 0x25400000)
   the space 349568K,  99% used [0x0fea0000, 0x253ffff0, 0x25400000, 0x25400000)
 Metaspace       used 25962K, capacity 26531K, committed 26624K, reserved 27008K
}
Event: 27386.263 GC heap before
{Heap before GC invocations=219 (full 65):
 def new generation   total 157248K, used 157247K [0x05400000, 0x0fea0000, 0x0fea0000)
  eden space 139776K,  99% used [0x05400000, 0x0dc7fff8, 0x0dc80000)
  from space 17472K,  99% used [0x0dc80000, 0x0ed8ff90, 0x0ed90000)
  to   space 17472K,   0% used [0x0ed90000, 0x0ed90000, 0x0fea0000)
 tenured generation   total 349568K, used 349567K [0x0fea0000, 0x25400000, 0x25400000)
   the space 349568K,  99% used [0x0fea0000, 0x253ffff0, 0x25400000, 0x25400000)
 Metaspace       used 25962K, capacity 26531K, committed 26624K, reserved 27008K
Event: 27386.645 GC heap after
Heap after GC invocations=220 (full 66):
 def new generation   total 157248K, used 157243K [0x05400000, 0x0fea0000, 0x0fea0000)
  eden space 139776K,  99% used [0x05400000, 0x0dc7ffe0, 0x0dc80000)
  from space 17472K,  99% used [0x0dc80000, 0x0ed8ec40, 0x0ed90000)
  to   space 17472K,   0% used [0x0ed90000, 0x0ed90000, 0x0fea0000)
 tenured generation   total 349568K, used 349567K [0x0fea0000, 0x25400000, 0x25400000)
   the space 349568K,  99% used [0x0fea0000, 0x253ffff0, 0x25400000, 0x25400000)
 Metaspace       used 25962K, capacity 26531K, committed 26624K, reserved 27008K
}
Event: 27386.645 GC heap before
{Heap before GC invocations=220 (full 66):
 def new generation   total 157248K, used 157247K [0x05400000, 0x0fea0000, 0x0fea0000)
  eden space 139776K, 100% used [0x05400000, 0x0dc80000, 0x0dc80000)
  from space 17472K,  99% used [0x0dc80000, 0x0ed8ff18, 0x0ed90000)
  to   space 17472K,   0% used [0x0ed90000, 0x0ed90000, 0x0fea0000)
 tenured generation   total 349568K, used 349567K [0x0fea0000, 0x25400000, 0x25400000)
   the space 349568K,  99% used [0x0fea0000, 0x253ffff0, 0x25400000, 0x25400000)
 Metaspace       used 25962K, capacity 26531K, committed 26624K, reserved 27008K
Event: 27387.017 GC heap after
Heap after GC invocations=221 (full 67):
 def new generation   total 157248K, used 157243K [0x05400000, 0x0fea0000, 0x0fea0000)
  eden space 139776K, 100% used [0x05400000, 0x0dc80000, 0x0dc80000)
  from space 17472K,  99% used [0x0dc80000, 0x0ed8ec90, 0x0ed90000)
  to   space 17472K,   0% used [0x0ed90000, 0x0ed90000, 0x0fea0000)
 tenured generation   total 349568K, used 349567K [0x0fea0000, 0x25400000, 0x25400000)
   the space 349568K,  99% used [0x0fea0000, 0x253ffff0, 0x25400000, 0x25400000)
 Metaspace       used 25962K, capacity 26531K, committed 26624K, reserved 27008K
}
Event: 27387.017 GC heap before
{Heap before GC invocations=221 (full 67):
 def new generation   total 157248K, used 157246K [0x05400000, 0x0fea0000, 0x0fea0000)
  eden space 139776K, 100% used [0x05400000, 0x0dc80000, 0x0dc80000)
  from space 17472K,  99% used [0x0dc80000, 0x0ed8f8d8, 0x0ed90000)
  to   space 17472K,   0% used [0x0ed90000, 0x0ed90000, 0x0fea0000)
 tenured generation   total 349568K, used 349567K [0x0fea0000, 0x25400000, 0x25400000)
   the space 349568K,  99% used [0x0fea0000, 0x253ffff0, 0x25400000, 0x25400000)
 Metaspace       used 25962K, capacity 26531K, committed 26624K, reserved 27008K
Event: 27387.508 GC heap after
Heap after GC invocations=222 (full 68):
 def new generation   total 157248K, used 157238K [0x05400000, 0x0fea0000, 0x0fea0000)
  eden space 139776K, 100% used [0x05400000, 0x0dc80000, 0x0dc80000)
  from space 17472K,  99% used [0x0dc80000, 0x0ed8d938, 0x0ed90000)
  to   space 17472K,   0% used [0x0ed90000, 0x0ed90000, 0x0fea0000)
 tenured generation   total 349568K, used 349567K [0x0fea0000, 0x25400000, 0x25400000)
   the space 349568K,  99% used [0x0fea0000, 0x253fff60, 0x25400000, 0x25400000)
 Metaspace       used 25962K, capacity 26531K, committed 26624K, reserved 27008K
}
Event: 27387.508 GC heap before
{Heap before GC invocations=222 (full 68):
 def new generation   total 157248K, used 157238K [0x05400000, 0x0fea0000, 0x0fea0000)
  eden space 139776K, 100% used [0x05400000, 0x0dc80000, 0x0dc80000)
  from space 17472K,  99% used [0x0dc80000, 0x0ed8d938, 0x0ed90000)
  to   space 17472K,   0% used [0x0ed90000, 0x0ed90000, 0x0fea0000)
 tenured generation   total 349568K, used 349567K [0x0fea0000, 0x25400000, 0x25400000)
   the space 349568K,  99% used [0x0fea0000, 0x253fff60, 0x25400000, 0x25400000)
 Metaspace       used 25962K, capacity 26531K, committed 26624K, reserved 27008K
Event: 27387.881 GC heap after
Heap after GC invocations=223 (full 69):
 def new generation   total 157248K, used 157238K [0x05400000, 0x0fea0000, 0x0fea0000)
  eden space 139776K, 100% used [0x05400000, 0x0dc80000, 0x0dc80000)
  from space 17472K,  99% used [0x0dc80000, 0x0ed8d938, 0x0ed90000)
  to   space 17472K,   0% used [0x0ed90000, 0x0ed90000, 0x0fea0000)
 tenured generation   total 349568K, used 349567K [0x0fea0000, 0x25400000, 0x25400000)
   the space 349568K,  99% used [0x0fea0000, 0x253fff60, 0x25400000, 0x25400000)
 Metaspace       used 25962K, capacity 26531K, committed 26624K, reserved 27008K
}

Deoptimization events (0 events):
No events

Classes redefined (0 events):
No events

Internal exceptions (10 events):
Event: 27352.597 Thread 0x29b09c00 Exception <a 'sun/nio/fs/WindowsException'> (0x0641cc10) thrown at [C:\workspace\8-2-build-windows-i586-cygwin\jdk8u191\11896\hotspot\src\share\vm\prims\jni.cpp, line 709]
Event: 27352.599 Thread 0x29b09c00 Exception <a 'sun/nio/fs/WindowsException'> (0x06429310) thrown at [C:\workspace\8-2-build-windows-i586-cygwin\jdk8u191\11896\hotspot\src\share\vm\prims\jni.cpp, line 709]
Event: 27352.600 Thread 0x29b09c00 Exception <a 'sun/nio/fs/WindowsException'> (0x06429868) thrown at [C:\workspace\8-2-build-windows-i586-cygwin\jdk8u191\11896\hotspot\src\share\vm\prims\jni.cpp, line 709]
Event: 27352.602 Thread 0x29b09c00 Exception <a 'sun/nio/fs/WindowsException'> (0x0663ff68) thrown at [C:\workspace\8-2-build-windows-i586-cygwin\jdk8u191\11896\hotspot\src\share\vm\prims\jni.cpp, line 709]
Event: 27352.602 Thread 0x29b09c00 Exception <a 'sun/nio/fs/WindowsException'> (0x06640510) thrown at [C:\workspace\8-2-build-windows-i586-cygwin\jdk8u191\11896\hotspot\src\share\vm\prims\jni.cpp, line 709]
Event: 27352.605 Thread 0x29b09c00 Exception <a 'sun/nio/fs/WindowsException'> (0x06661608) thrown at [C:\workspace\8-2-build-windows-i586-cygwin\jdk8u191\11896\hotspot\src\share\vm\prims\jni.cpp, line 709]
Event: 27352.605 Thread 0x29b09c00 Exception <a 'sun/nio/fs/WindowsException'> (0x06661b88) thrown at [C:\workspace\8-2-build-windows-i586-cygwin\jdk8u191\11896\hotspot\src\share\vm\prims\jni.cpp, line 709]
Event: 27352.607 Thread 0x29b09c00 Exception <a 'sun/nio/fs/WindowsException'> (0x06673300) thrown at [C:\workspace\8-2-build-windows-i586-cygwin\jdk8u191\11896\hotspot\src\share\vm\prims\jni.cpp, line 709]
Event: 27352.607 Thread 0x29b09c00 Exception <a 'sun/nio/fs/WindowsException'> (0x06673858) thrown at [C:\workspace\8-2-build-windows-i586-cygwin\jdk8u191\11896\hotspot\src\share\vm\prims\jni.cpp, line 709]
Event: 27387.881 Thread 0x29b08400 Exception <a 'java/lang/OutOfMemoryError'> (0x0ff42fa0) thrown at [C:\workspace\8-2-build-windows-i586-cygwin\jdk8u191\11896\hotspot\src\share\vm\gc_interface/collectedHeap.inline.hpp, line 159]

Events (10 events):
Event: 27385.485 Executing VM operation: GenCollectForAllocation
Event: 27385.860 Executing VM operation: GenCollectForAllocation done
Event: 27385.860 Executing VM operation: GenCollectForAllocation
Event: 27386.263 Executing VM operation: GenCollectForAllocation done
Event: 27386.263 Executing VM operation: GenCollectForAllocation
Event: 27386.645 Executing VM operation: GenCollectForAllocation done
Event: 27386.645 Executing VM operation: GenCollectForAllocation
Event: 27387.017 Executing VM operation: GenCollectForAllocation done
Event: 27387.017 Executing VM operation: GenCollectForAllocation
Event: 27387.881 Executing VM operation: GenCollectForAllocation done


Dynamic libraries:
0x001a0000 - 0x001d3000 	C:\Program Files (x86)\Arduino\java\bin\javaw.exe
0x77580000 - 0x77723000 	C:\WINDOWS\SYSTEM32\ntdll.dll
0x76af0000 - 0x76be0000 	C:\WINDOWS\System32\KERNEL32.DLL
0x75d40000 - 0x75f54000 	C:\WINDOWS\System32\KERNELBASE.dll
0x77370000 - 0x773ea000 	C:\WINDOWS\System32\ADVAPI32.dll
0x75c80000 - 0x75d3f000 	C:\WINDOWS\System32\msvcrt.dll
0x75a60000 - 0x75ad5000 	C:\WINDOWS\System32\sechost.dll
0x773f0000 - 0x774b0000 	C:\WINDOWS\System32\RPCRT4.dll
0x75ae0000 - 0x75c76000 	C:\WINDOWS\System32\USER32.dll
0x76790000 - 0x767a8000 	C:\WINDOWS\System32\win32u.dll
0x760a0000 - 0x760c3000 	C:\WINDOWS\System32\GDI32.dll
0x760d0000 - 0x761ac000 	C:\WINDOWS\System32\gdi32full.dll
0x766f0000 - 0x7676b000 	C:\WINDOWS\System32\msvcp_win.dll
0x76480000 - 0x765a0000 	C:\WINDOWS\System32\ucrtbase.dll
0x74d40000 - 0x74f50000 	C:\WINDOWS\WinSxS\x86_microsoft.windows.common-controls_6595b64144ccf1df_6.0.19041.844_none_11adecdf30011423\COMCTL32.dll
0x75f60000 - 0x75f85000 	C:\WINDOWS\System32\IMM32.DLL
0x6cc70000 - 0x6cd2f000 	C:\Program Files (x86)\Arduino\java\bin\msvcr100.dll
0x69240000 - 0x69613000 	C:\Program Files (x86)\Arduino\java\bin\client\jvm.dll
0x75fe0000 - 0x75fe6000 	C:\WINDOWS\System32\PSAPI.DLL
0x74f50000 - 0x74f58000 	C:\WINDOWS\SYSTEM32\WSOCK32.dll
0x74f60000 - 0x74f68000 	C:\WINDOWS\SYSTEM32\VERSION.dll
0x75380000 - 0x753a8000 	C:\WINDOWS\SYSTEM32\WINMM.dll
0x77300000 - 0x77363000 	C:\WINDOWS\System32\WS2_32.dll
0x70bf0000 - 0x70c20000 	C:\Program Files (x86)\Arduino\java\bin\splashscreen.dll
0x71a80000 - 0x71af4000 	C:\WINDOWS\system32\uxtheme.dll
0x767b0000 - 0x76a31000 	C:\WINDOWS\System32\combase.dll
0x70bb0000 - 0x70bbc000 	C:\Program Files (x86)\Arduino\java\bin\verify.dll
0x75430000 - 0x75504000 	C:\WINDOWS\System32\MSCTF.dll
0x76a50000 - 0x76ae6000 	C:\WINDOWS\System32\OLEAUT32.dll
0x70b80000 - 0x70ba2000 	C:\Program Files (x86)\Arduino\java\bin\java.dll
0x703e0000 - 0x703f4000 	C:\Program Files (x86)\Arduino\java\bin\zip.dll
0x746c0000 - 0x746cf000 	C:\WINDOWS\SYSTEM32\kernel.appcore.dll
0x76690000 - 0x766ef000 	C:\WINDOWS\System32\bcryptPrimitives.dll
0x65590000 - 0x65649000 	C:\WINDOWS\SYSTEM32\textinputframework.dll
0x65270000 - 0x654ee000 	C:\WINDOWS\System32\CoreUIComponents.dll
0x654f0000 - 0x6558b000 	C:\WINDOWS\System32\CoreMessaging.dll
0x76320000 - 0x763a7000 	C:\WINDOWS\System32\SHCORE.dll
0x733c0000 - 0x733e9000 	C:\WINDOWS\SYSTEM32\ntmarta.dll
0x65190000 - 0x6526b000 	C:\WINDOWS\SYSTEM32\wintypes.dll
0x765a0000 - 0x76683000 	C:\WINDOWS\System32\ole32.dll
0x75950000 - 0x759ce000 	C:\WINDOWS\System32\clbcatq.dll
0x76be0000 - 0x77193000 	C:\WINDOWS\System32\SHELL32.dll
0x74cf0000 - 0x74d15000 	C:\WINDOWS\SYSTEM32\USERENV.dll
0x73790000 - 0x73d99000 	C:\WINDOWS\SYSTEM32\windows.storage.dll
0x73520000 - 0x73544000 	C:\WINDOWS\System32\Wldp.dll
0x75f90000 - 0x75fd5000 	C:\WINDOWS\System32\shlwapi.dll
0x71920000 - 0x71938000 	C:\WINDOWS\SYSTEM32\profapi.dll
0x67890000 - 0x678e3000 	C:\WINDOWS\system32\Oleacc.dll
0x61940000 - 0x619b3000 	C:\Program Files (x86)\Arduino\lib\listSerialsj.dll
0x75510000 - 0x75945000 	C:\WINDOWS\System32\SETUPAPI.dll
0x774b0000 - 0x774eb000 	C:\WINDOWS\System32\cfgmgr32.dll
0x76770000 - 0x76789000 	C:\WINDOWS\System32\bcrypt.dll
0x703c0000 - 0x703dd000 	C:\Program Files (x86)\Arduino\lib\jnidispatch-4.2.2-win32-x86.dll
0x6cc50000 - 0x6cc65000 	C:\Program Files (x86)\Arduino\java\bin\net.dll
0x73580000 - 0x735d2000 	C:\WINDOWS\system32\mswsock.dll
0x6cc40000 - 0x6cc4f000 	C:\Program Files (x86)\Arduino\java\bin\nio.dll
0x690f0000 - 0x69237000 	C:\Program Files (x86)\Arduino\java\bin\awt.dll
0x6cd30000 - 0x6cdcf000 	C:\WINDOWS\SYSTEM32\apphelp.dll
0x67860000 - 0x67886000 	C:\WINDOWS\system32\DWMAPI.DLL
0x6ca30000 - 0x6ca69000 	C:\Program Files (x86)\Arduino\java\bin\fontmanager.dll
0x6b210000 - 0x6b314000 	C:\WINDOWS\system32\opengl32.dll
0x6ba50000 - 0x6ba8f000 	C:\WINDOWS\SYSTEM32\GLU32.dll
0x6b130000 - 0x6b162000 	C:\Program Files (x86)\Arduino\java\bin\t2k.dll
0x6ca20000 - 0x6ca2a000 	C:\Program Files (x86)\Arduino\java\bin\management.dll
0x733a0000 - 0x733b1000 	C:\WINDOWS\system32\napinsp.dll
0x73320000 - 0x73336000 	C:\WINDOWS\system32\pnrpnsp.dll
0x732e0000 - 0x732f0000 	C:\WINDOWS\system32\wshbth.dll
0x73230000 - 0x73246000 	C:\WINDOWS\system32\NLAapi.dll
0x752d0000 - 0x75302000 	C:\WINDOWS\SYSTEM32\IPHLPAPI.DLL
0x73110000 - 0x731a2000 	C:\WINDOWS\SYSTEM32\DNSAPI.dll
0x76410000 - 0x76417000 	C:\WINDOWS\System32\NSI.dll
0x71c50000 - 0x71c5e000 	C:\WINDOWS\System32\winrnr.dll
0x71b50000 - 0x71ba8000 	C:\WINDOWS\System32\fwpuclnt.dll
0x71bd0000 - 0x71bd8000 	C:\Windows\System32\rasadhlp.dll
0x71980000 - 0x71994000 	C:\WINDOWS\SYSTEM32\dhcpcsvc6.DLL
0x71940000 - 0x71956000 	C:\WINDOWS\SYSTEM32\dhcpcsvc.DLL
0x70300000 - 0x70313000 	C:\WINDOWS\SYSTEM32\CRYPTSP.dll
0x702d0000 - 0x702ff000 	C:\WINDOWS\system32\rsaenh.dll
0x70e90000 - 0x70e9a000 	C:\WINDOWS\SYSTEM32\CRYPTBASE.dll
0x74760000 - 0x74784000 	C:\WINDOWS\SYSTEM32\DEVOBJ.dll
0x772b0000 - 0x772f7000 	C:\WINDOWS\System32\WINTRUST.dll
0x771a0000 - 0x772a1000 	C:\WINDOWS\System32\CRYPT32.dll
0x73f00000 - 0x73f0e000 	C:\WINDOWS\SYSTEM32\MSASN1.dll
0x6b1f0000 - 0x6b210000 	C:\Program Files (x86)\Arduino\java\bin\sunec.dll
0x6ca10000 - 0x6ca19000 	C:\Program Files (x86)\Arduino\java\bin\sunmscapi.dll
0x69080000 - 0x690e9000 	C:\Program Files (x86)\Arduino\msvcp100.dll
0x68fc0000 - 0x6907e000 	C:\Program Files (x86)\Arduino\msvcr100.dll
0x299e0000 - 0x29a12000 	C:\Program Files (x86)\Arduino\lib\AStylej.dll
0x6b100000 - 0x6b124000 	C:\Program Files (x86)\Arduino\java\bin\dcpr.dll
0x68e40000 - 0x68fb1000 	C:\WINDOWS\SYSTEM32\WindowsCodecs.dll
0x67160000 - 0x67191000 	C:\WINDOWS\system32\dataexchange.dll
0x66e10000 - 0x66ff0000 	C:\WINDOWS\system32\d3d11.dll
0x66ff0000 - 0x67155000 	C:\WINDOWS\system32\dcomp.dll
0x66d40000 - 0x66e03000 	C:\WINDOWS\system32\dxgi.dll
0x66bb0000 - 0x66d3f000 	C:\WINDOWS\system32\twinapi.appcore.dll
0x64f30000 - 0x6518d000 	C:\Program Files (x86)\Google\Google Japanese Input\GoogleIMEJaTIP32.dll
0x64ee0000 - 0x64f2f000 	C:\WINDOWS\SYSTEM32\input.dll
0x73600000 - 0x73788000 	C:\WINDOWS\SYSTEM32\dbghelp.dll
0x649c0000 - 0x64ed5000 	C:\WINDOWS\SYSTEM32\d2d1.dll
0x682b0000 - 0x684bc000 	C:\WINDOWS\SYSTEM32\DWrite.dll
0x64990000 - 0x649b1000 	C:\Windows\IME\SpTip.dll
0x64000000 - 0x6401b000 	C:\Program Files (x86)\Arduino\lib\jSSC-2.8_x86.dll

VM Arguments:
jvm_args: -Dsun.java2d.d3d=false -Djna.nosys=true -Djna.nounpack=true -Djna.boot.library.name=jnidispatch-4.2.2-win32-x86 -Djna.boot.library.path=C:\Program Files (x86)\Arduino/lib -Djssc.library.path=C:\Program Files (x86)\Arduino/lib -DAPP_DIR=C:\Program Files (x86)\Arduino -Xms128M -Xmx512M -Dfile.encoding=UTF8 -Djava.net.preferIPv4Stack=true 
java_command: processing.app.Base \\wsl$\Ubuntu-20.04\home\ytani\work\NixieClock\NixieTubeClock\NixieTubeClock.ino
java_class_path (initial): C:\Program Files (x86)\Arduino\lib\apple.jar;C:\Program Files (x86)\Arduino\lib\arduino-core.jar;C:\Program Files (x86)\Arduino\lib\batik-1.8.jar;C:\Program Files (x86)\Arduino\lib\batik-anim-1.8.jar;C:\Program Files (x86)\Arduino\lib\batik-awt-util-1.8.jar;C:\Program Files (x86)\Arduino\lib\batik-bridge-1.8.jar;C:\Program Files (x86)\Arduino\lib\batik-codec-1.8.jar;C:\Program Files (x86)\Arduino\lib\batik-css-1.8.jar;C:\Program Files (x86)\Arduino\lib\batik-dom-1.8.jar;C:\Program Files (x86)\Arduino\lib\batik-ext-1.8.jar;C:\Program Files (x86)\Arduino\lib\batik-gvt-1.8.jar;C:\Program Files (x86)\Arduino\lib\batik-parser-1.8.jar;C:\Program Files (x86)\Arduino\lib\batik-rasterizer-1.8.jar;C:\Program Files (x86)\Arduino\lib\batik-script-1.8.jar;C:\Program Files (x86)\Arduino\lib\batik-squiggle-1.8.jar;C:\Program Files (x86)\Arduino\lib\batik-svg-dom-1.8.jar;C:\Program Files (x86)\Arduino\lib\batik-svgpp-1.8.jar;C:\Program Files (x86)\Arduino\lib\batik-transcoder-1.8.jar;C:\Program Files (x86)\Arduino\lib\batik-util-1.8.jar;C:\Program Files (x86)\Arduino\lib\batik-xml-1.8.jar;C:\Program Files (x86)\Arduino\lib\bcpg-jdk15on-152.jar;C:\Program Files (x86)\Arduino\lib\bcprov-jdk15on-152.jar;C:\Program Files (x86)\Arduino\lib\commons-codec-1.7.jar;C:\Program Files (x86)\Arduino\lib\commons-compress-1.8.jar;C:\Program Files (x86)\Arduino\lib\commons-exec-1.1.jar;C:\Program Files (x86)\Arduino\lib\commons-httpclient-3.1.jar;C:\Program Files (x86)\Arduino\lib\commons-lang3-3.8.1.jar;C:\Program Files (x86)\Arduino\lib\commons-logging-1.0.4.jar;C:\Program Files (x86)\Arduino\lib\commons-net-3.3.jar;C:\Program Files (x86)\Arduino\lib\commons-io-2.6.jar;C:\Program Files (x86)\Arduino\lib\jackson-annotations-2.9.5.jar;C:\Program Files (x86)\Arduino\lib\jackson-core-2.9.5.jar;C:\Program Files (x86)\Arduino\lib\jackson-databind-2.9.5.jar;C:\Program Files (x86)\Arduino\lib\java-semver-0.8.0.jar;C:\Program Files (x86)\Arduino\lib\jmdns-3.5.5.jar;C:\Program
Launcher Type: SUN_STANDARD

Environment Variables:
CLASSPATH=.;C:\Program Files (x86)\Java\jre1.8.0_101\lib\ext\QTJava.zip
PATH=C:\Program Files (x86)\Common Files\Intel\Shared Libraries\redist\intel64\compiler;C:\Program Files (x86)\Common Files\Intel\Shared Files\cpp\bin\Intel64;C:\ProgramData\Oracle\Java\javapath;C:\Windows\System32;C:\Windows;C:\Windows\System32\wbem;C:\Windows\System32\WindowsPowerShell\v1.0\;C:\Program Files (x86)\QuickTime\QTSystem\;C:\Program Files (x86)\Windows Kits\10\Windows Performance Toolkit\;C:\Program Files (x86)\Windows Kits\10\Microsoft Application Virtualization\Sequencer\;C:\Program Files\Intel\WiFi\bin\;C:\Program Files\Common Files\Intel\WirelessCommon\;C:\Windows\System32\OpenSSH\;%ProStitcherPath%;C:\Program Files (x86)\IVI Foundation\VISA\WinNT\Bin\;C:\Program Files\IVI Foundation\VISA\Win64\Bin\;C:\Program Files (x86)\IVI Foundation\VISA\WinNT\Bin;C:\Program Files\Git\cmd;C:\Program Files (x86)\GnuPG\bin;C:\Program Files (x86)\Common Files\Sony Shared\FeliCaLibrary;C:\Program Files\Common Files\Sony Shared\FeliCaLibrary;C:\Program Files (x86)\Common Files\Sony Shared\FeliCaNFCLibrary;C:\Program Files\Common Files\Sony Shared\FeliCaNFCLibrary;C:\WINDOWS\system32;C:\WINDOWS;C:\WINDOWS\System32\Wbem;C:\WINDOWS\System32\WindowsPowerShell\v1.0\;C:\WINDOWS\System32\OpenSSH\;C:\PROGRA~1\JPKI;C:\ProgramData\chocolatey\bin;C:\Program Files\TortoiseSVN\bin;C:\Users\ytani\AppData\Local\Microsoft\WindowsApps;C:\Program Files (x86)\Insta360Stitcher\tools\proStitcher;C:\Program Files\heroku\bin;C:\Program Files (x86)\Arduino\java\bin
USERNAME=ytani
OS=Windows_NT
PROCESSOR_IDENTIFIER=Intel64 Family 6 Model 60 Stepping 3, GenuineIntel



---------------  S Y S T E M  ---------------

OS: Windows 10.0 , 64 bit Build 19041 (10.0.19041.1023)

CPU:total 8 (initial active 8) (4 cores per cpu, 2 threads per core) family 6 model 60 stepping 3, cmov, cx8, fxsr, mmx, sse, sse2, sse3, ssse3, sse4.1, sse4.2, popcnt, avx, avx2, aes, clmul, erms, lzcnt, ht, tsc, tscinvbit, bmi1, bmi2

Memory: 4k page, physical 16649848k(8259372k free), swap 19140216k(9387816k free)

vm_info: Java HotSpot(TM) Client VM (25.191-b12) for windows-x86 JRE (1.8.0_191-b12), built on Oct  6 2018 08:34:23 by "java_re" with MS VC++ 10.0 (VS2010)

time: Sun Jun 20 00:34:05 2021
elapsed time: 27388 seconds (0d 7h 36m 28s)

